<?xml version="1.0" encoding="UTF-8" standalone="no" ?>
<coverage branch-rate="NaN" branches-covered="NaN" branches-valid="NaN" complexity="NaN" line-rate="0.88889" lines-covered="8" lines-valid="9" timestamp="1669704686.5271" version="">
  <sources>
    <source>/home/runner/work/theDemo/theDemo/</source>
  </sources>
  <packages>
    <package branch-rate="NaN" complexity="NaN" line-rate="0.88889" name="">
      <classes>
        <class branch-rate="NaN" complexity="NaN" filename="code/addThem.m" line-rate="0.66667" name="addThem">
          <methods/>
          <lines>
            <line hits="1" number="6"/>
            <line hits="1" number="8"/>
            <line hits="0" number="9"/>
          </lines>
        </class>
        <class branch-rate="NaN" complexity="NaN" filename="test/tAddThem.m" line-rate="1" name="tAddThem">
          <methods>
            <method branch-rate="NaN" line-rate="1" name="throwStartDiagnostic" signature="throwStartDiagnostic(testCase)">
              <lines>
                <line hits="1" number="5"/>
                <line hits="1" number="6"/>
                <line hits="1" number="7"/>
              </lines>
            </method>
            <method branch-rate="NaN" line-rate="1" name="verifySumPositive" signature="verifySumPositive(testCase)">
              <lines>
                <line hits="1" number="15"/>
                <line hits="1" number="16"/>
                <line hits="1" number="17"/>
              </lines>
            </method>
          </methods>
          <lines>
            <line hits="1" number="5"/>
            <line hits="1" number="6"/>
            <line hits="1" number="7"/>
            <line hits="1" number="15"/>
            <line hits="1" number="16"/>
            <line hits="1" number="17"/>
          </lines>
        </class>
      </classes>
    </package>
  </packages>
</coverage>
